<?xml version="1.0" encoding="UTF-8"?>
<testng-results ignored="0" total="1" passed="1" failed="0" skipped="0">
  <reporter-output>
  </reporter-output>
  <suite started-at="2024-09-21T16:24:57 IST" name="Suite" finished-at="2024-09-21T16:25:10 IST" duration-ms="13455">
    <groups>
    </groups>
    <test started-at="2024-09-21T16:24:57 IST" name="Test" finished-at="2024-09-21T16:25:10 IST" duration-ms="13455">
      <class name="TestCases.AllTestCases">
        <test-method is-config="true" signature="setUp()[pri:0, instance:TestCases.AllTestCases@441772e]" started-at="2024-09-21T16:24:57 IST" name="setUp" finished-at="2024-09-21T16:25:04 IST" duration-ms="7528" status="PASS">
          <reporter-output>
          </reporter-output>
        </test-method> <!-- setUp -->
        <test-method signature="signUp()[pri:1, instance:TestCases.AllTestCases@441772e]" started-at="2024-09-21T16:25:04 IST" name="signUp" finished-at="2024-09-21T16:25:10 IST" duration-ms="5858" status="PASS">
          <reporter-output>
          </reporter-output>
        </test-method> <!-- signUp -->
        <test-method is-config="true" signature="closeBroweser()[pri:0, instance:TestCases.AllTestCases@441772e]" started-at="2024-09-21T16:25:10 IST" name="closeBroweser" finished-at="2024-09-21T16:25:10 IST" duration-ms="1" status="PASS">
          <reporter-output>
          </reporter-output>
        </test-method> <!-- closeBroweser -->
      </class> <!-- TestCases.AllTestCases -->
    </test> <!-- Test -->
  </suite> <!-- Suite -->
</testng-results>
